[voluntary-interfaces-613271.framer.app/index.html]
[backblue.gif]
[fade.gif]
[index.html]
[framerusercontent.com/images/MrSQVlfnEKv5QeKdez9IoL8g.png]
[framerusercontent.com/images/iDMfgcKztMDMA6ophZ3qtojBnRo.png]
[framerusercontent.com/images/mWU2V2nDandGos5wqxzBsAz66vw08fa.png]
[framerusercontent.com/images/wilDif44WQURSAUx0lkBnneZLPscb1c.png]
[framerusercontent.com/images/liDp6RqOmZpoiyriU2da9i9ZRNM.png]
[framerusercontent.com/images/6IX9srHugK666NPKQJythMbMMEb4fe.png]
[framerusercontent.com/images/3cl6kEyD2XtSr3RQpeBuJPLW0DA4caa.png]
[framerusercontent.com/images/np97j2F8KUZ2HLiullJ6eZCAlsQ0273.png]
[framerusercontent.com/images/f0y1IAXP7xxPZoecHyx9XHFdiHAa9ee.png]
[voluntary-interfaces-613271.framer.app/work.html]
[voluntary-interfaces-613271.framer.app/work/sonder-goods.html]
[framerusercontent.com/images/2fpdi3XjyghVfmEj4GbBHe5lxAg6c9c.jpg]
[voluntary-interfaces-613271.framer.app/work/chain.html]
[framerusercontent.com/images/Jre9SFLia98G4V9Rmv1kfwo2eeE6b40.jpg]
[framerusercontent.com/images/F6Ri2DBZh6NonfpxtBaPODUmUefa4.jpg]
[voluntary-interfaces-613271.framer.app/work/arc-bloom.html]
[framerusercontent.com/images/rsvNbzxAqSPFdUIZgSfxYtnhY3513.jpg]
[voluntary-interfaces-613271.framer.app/work/atelier-nara.html]
[framerusercontent.com/images/FTQGpI6H8v4UgAIRZEbHHlI77ow3930.png]
[framerusercontent.com/images/lZ1OlDW73KMG2jUiiSZPkpEnM3513.jpg]
[framerusercontent.com/images/rTVFwcdaLkM2YRP2dkBzrU1IA89b6.jpg]
[framerusercontent.com/images/FrMg2aNlRGkmElk5Vo2qteq0E03513.jpg]
[framerusercontent.com/images/YKggn1mZzMCP0zAP2AsqiQlRqnAe5b0.jpg]
[framerusercontent.com/images/FsPOxxzSf2Z0qDtetPEmn0d5aAe5b0.jpg]
[framerusercontent.com/images/U1HCKyg9wVukeAj8cMCApR9Ecc6f.jpg]
[framerusercontent.com/images/XSOpsAbl71MQipM6sG8hqqkO1Ie5b0.jpg]
[framerusercontent.com/images/p7Ix9vlJ5rixbLsZatPdIY6adkAe5b0.jpg]
[framerusercontent.com/images/WngRVgDJUkrf2lFx1jUJFxNmalMe5b0.jpg]
[framerusercontent.com/images/TzaZmmQCz7c5EsZD8PgOBX4RWMcc6f.jpg]
[framerusercontent.com/images/q3mTX9cBCIv3UvpQ9mCgYLjoE7718.jpg]
[framerusercontent.com/images/QIzdAg8QrraKXDmEFPXKVkmiXT8e5b0.jpg]
[framerusercontent.com/images/Cu4H0XkERFOMHK475qMUz3bLnkke5b0.jpg]
[framerusercontent.com/images/6OgZ2FR6HJe42NJxvUOTfc2gwzAe5b0.jpg]
[framerusercontent.com/images/br6OrjrQaSzBsJmUG9Jr45KLw89b6.jpg]
[framerusercontent.com/images/GXGp9joKZCMQN1cUmPx0eDk8lnc8445.jpg]
[framerusercontent.com/images/JKQ1cfQVrnSuoNFLW7vgtQoe5b0.jpg]
[framerusercontent.com/images/rOG0GKsf22fIvtOSbv9LqI6VQIcc6f.jpg]
[framerusercontent.com/images/tQZraSVkjIWEb3OOHpBA4k4m5RIcc6f.jpg]
[framerusercontent.com/images/eLYXX7LuceaIeLiJkP8C0y4mGMcc6f.jpg]
[framerusercontent.com/images/3SnksfyPBKR7c8iySiyzNeHbnk8232.png]
[framerusercontent.com/images/UolgwIhUXbgfe39TawNQwnVWQ90c8.png]
[framerusercontent.com/images/UlGvnB3btQQUCdIuJSvXk7VbSPI1af5.png]
[framerusercontent.com/images/eg9LZxLoTSLjRYyxEtq3X3qq9Q2d36.png]
[framerusercontent.com/images/WwSwdJE0cXfvksgjQX4ckaLz2xw4e60.png]
[framerusercontent.com/images/45SRjx8BKBaWUhUamHaj8y2hB14df04.png]
[framerusercontent.com/images/6RRLNAJyjbbu1U1Ny8WF5iseR838f1.png]
[framerusercontent.com/images/pxPezTdUKgzq9lOCu2rrCRXgh2kdd98.png]
[framerusercontent.com/images/LTsRQLGYIweejvUlYSD83iqLzzM316a.png]
[framerusercontent.com/images/LQzIptOZJvIy8ZLP4IMS9I8ZgAaf33.png]
[framerusercontent.com/images/kKK3Ijuh8C51fU0dOl1lY79ghb094f2.png]
[framerusercontent.com/images/GJ0BjGZVAGmfuQX5eeFYnEsQ99b5.png]
[framerusercontent.com/images/a5XuooQw2M5Xzzzvg6CSWBbE8d3d1.png]
[framerusercontent.com/images/zG44vZELWqax6OltVQi0RxlMG8480f.png]
[voluntary-interfaces-613271.framer.app/index.html]
[framerusercontent.com/images/3NZ3O9Cxr0hGURFm36nceY6TFk336d.png]
[framerusercontent.com/images/i0IxtsomanczlXZhnkLoFevkC8dd26.jpg]
[framerusercontent.com/images/uxkM88c7d4CWoI8KFeCxAfDsRbk5737.png]
[framerusercontent.com/images/3RA5htQ7atGFRPmvmILGBRMrQ4754.jpg]
[voluntary-interfaces-613271.framer.app/work/lucent-lab.html]
[framerusercontent.com/images/cSiLzwlsx0J309EgBUggEjEQtAA1c56.png]
[framerusercontent.com/images/Y25oZuM2ooMaNO2Hygxwua8PqUdd26.jpg]
[framerusercontent.com/images/OHn51CNmk0R9ibJYVjKFuEGeikY4c6e.png]
[framerusercontent.com/images/m1IznWsJk5mHviVLEbKipoeBMPQ1b0a.png]
[framerusercontent.com/images/QGHWDOvxhSGJHRnsI4bkpnOpQ6dab.png]
[framerusercontent.com/images/lf4wTndJFSgc69LPXelMHzPi4u4e1a2.png]
[framerusercontent.com/images/3NZ3O9Cxr0hGURFm36nceY6TFkbc86.png]
[framerusercontent.com/images/i0IxtsomanczlXZhnkLoFevkC8dc41.jpg]
[framerusercontent.com/images/uxkM88c7d4CWoI8KFeCxAfDsRbk2227.png]
[framerusercontent.com/images/3RA5htQ7atGFRPmvmILGBRMrQ05b3.jpg]
[framerusercontent.com/images/cSiLzwlsx0J309EgBUggEjEQtAA830a.png]
[framerusercontent.com/images/Y25oZuM2ooMaNO2Hygxwua8PqU115b.jpg]
[framerusercontent.com/images/OHn51CNmk0R9ibJYVjKFuEGeikY2ceb.png]
[framerusercontent.com/images/m1IznWsJk5mHviVLEbKipoeBMPQ77a6.png]
[framerusercontent.com/images/QGHWDOvxhSGJHRnsI4bkpnOpQ6353.png]
[framerusercontent.com/images/lf4wTndJFSgc69LPXelMHzPi4u42919.png]
[voluntary-interfaces-613271.framer.app/work.html]
[voluntary-interfaces-613271.framer.app/work/sonder-goods.html]
[voluntary-interfaces-613271.framer.app/work/chain.html]
[voluntary-interfaces-613271.framer.app/work/arc-bloom.html]
[voluntary-interfaces-613271.framer.app/work/atelier-nara.html]
[voluntary-interfaces-613271.framer.app/work/lucent-lab.html]
